[0m19:59:20.854557 [debug] [MainThread]: Sending event: {'category': 'dbt', 'action': 'invocation', 'label': 'start', 'context': [<snowplow_tracker.self_describing_json.SelfDescribingJson object at 0x00000289E3B16430>, <snowplow_tracker.self_describing_json.SelfDescribingJson object at 0x00000289E659FBE0>, <snowplow_tracker.self_describing_json.SelfDescribingJson object at 0x00000289E659FA00>]}


============================== 19:59:20.859563 | 37a53cf6-3882-4ea4-8301-484341701fb9 ==============================
[0m19:59:20.859563 [info ] [MainThread]: Running with dbt=1.8.2
[0m19:59:20.860563 [debug] [MainThread]: running dbt with arguments {'printer_width': '80', 'indirect_selection': 'eager', 'write_json': 'True', 'log_cache_events': 'False', 'partial_parse': 'True', 'cache_selected_only': 'False', 'warn_error': 'None', 'debug': 'False', 'fail_fast': 'False', 'log_path': 'logs', 'version_check': 'True', 'profiles_dir': 'C:\\Users\\jongb\\.dbt', 'use_colors': 'True', 'use_experimental_parser': 'False', 'no_print': 'None', 'quiet': 'False', 'log_format': 'default', 'static_parser': 'True', 'introspect': 'True', 'warn_error_options': 'WarnErrorOptions(include=[], exclude=[])', 'target_path': 'None', 'invocation_command': 'dbt init', 'send_anonymous_usage_stats': 'True'}
[0m19:59:20.883607 [warn ] [MainThread]: [ConfigFolderDirectory]: Unable to parse dict {'dir': WindowsPath('C:/Users/jongb/.dbt')}
[0m19:59:20.885017 [info ] [MainThread]: Creating dbt configuration folder at 
[0m19:59:38.799073 [debug] [MainThread]: Starter project path: C:\Users\jongb\dbt-env\lib\site-packages\dbt\include\starter_project
[0m19:59:38.814651 [info ] [MainThread]: 
Your new dbt project "custom_postgres" was created!

For more information on how to configure the profiles.yml file,
please consult the dbt documentation here:

  https://docs.getdbt.com/docs/configure-your-profile

One more thing:

Need help? Don't hesitate to reach out to us via GitHub issues or on Slack:

  https://community.getdbt.com/

Happy modeling!

[0m19:59:38.817793 [info ] [MainThread]: Setting up your profile.
[0m20:03:39.901943 [info ] [MainThread]: Profile custom_postgres written to C:\Users\jongb\.dbt\profiles.yml using target's profile_template.yml and your supplied values. Run 'dbt debug' to validate the connection.
[0m20:03:39.903944 [debug] [MainThread]: Command `dbt init` succeeded at 20:03:39.903944 after 259.14 seconds
[0m20:03:39.903944 [debug] [MainThread]: Sending event: {'category': 'dbt', 'action': 'invocation', 'label': 'end', 'context': [<snowplow_tracker.self_describing_json.SelfDescribingJson object at 0x00000289E3B16430>, <snowplow_tracker.self_describing_json.SelfDescribingJson object at 0x00000289E655FAC0>, <snowplow_tracker.self_describing_json.SelfDescribingJson object at 0x00000289E39AF370>]}
[0m20:03:39.904944 [debug] [MainThread]: Flushing usage events
